<?xml version="1.0" encoding="UTF-8"?>
<!-- Generated by org.testng.reporters.JUnitReportReporter -->
<testsuite hostname="Meghansh-Monish" failures="0" tests="4" name="api.test.UserTests" time="13.723" errors="0" timestamp="2024-06-10T22:07:35 IST" skipped="0">
  <testcase classname="api.test.UserTests" name="testPostUser" time="4.179"/>
  <system-out/>
  <testcase classname="api.test.UserTests" name="testGetUserByName" time="2.278"/>
  <system-out/>
  <testcase classname="api.test.UserTests" name="testUpdateUserByName" time="4.707"/>
  <system-out/>
  <testcase classname="api.test.UserTests" name="testDeleteUserByName" time="2.559"/>
  <system-out/>
</testsuite> <!-- api.test.UserTests -->
