<?xml version="1.0" encoding="UTF-8"?>
<!-- Generated by org.testng.reporters.JUnitReportReporter -->
<testsuite hostname="Meghansh-Monish" failures="0" tests="6" name="api.test.DDTests" time="42.465" errors="0" timestamp="2024-06-10T18:26:53 IST" skipped="0">
  <testcase classname="api.test.DDTests" name="testPostuser" time="3.680"/>
  <system-out/>
  <testcase classname="api.test.DDTests" name="testPostuser" time="15.115"/>
  <system-out/>
  <testcase classname="api.test.DDTests" name="testPostuser" time="3.783"/>
  <system-out/>
  <testcase classname="api.test.DDTests" name="testDeleteUserByName" time="6.530"/>
  <system-out/>
  <testcase classname="api.test.DDTests" name="testDeleteUserByName" time="6.179"/>
  <system-out/>
  <testcase classname="api.test.DDTests" name="testDeleteUserByName" time="7.178"/>
  <system-out/>
</testsuite> <!-- api.test.DDTests -->
